\BOOKMARK [0][-]{chapter.1}{\376\377\0001\000\040\000M\000e\000t\000a\000t\000r\000a\000v\000e\000r\000s}{}% 1
\BOOKMARK [0][-]{chapter.2}{\376\377\0002\000\040\000I\000n\000d\000e\000x\000\040\000d\000e\000s\000\040\000c\000l\000a\000s\000s\000e\000s}{}% 2
\BOOKMARK [1][-]{section.2.1}{\376\377\0002\000.\0001\000\040\000L\000i\000s\000t\000e\000\040\000d\000e\000s\000\040\000c\000l\000a\000s\000s\000e\000s}{chapter.2}% 3
\BOOKMARK [0][-]{chapter.3}{\376\377\0003\000\040\000I\000n\000d\000e\000x\000\040\000d\000e\000s\000\040\000f\000i\000c\000h\000i\000e\000r\000s}{}% 4
\BOOKMARK [1][-]{section.3.1}{\376\377\0003\000.\0001\000\040\000L\000i\000s\000t\000e\000\040\000d\000e\000s\000\040\000f\000i\000c\000h\000i\000e\000r\000s}{chapter.3}% 5
\BOOKMARK [0][-]{chapter.4}{\376\377\0004\000\040\000D\000o\000c\000u\000m\000e\000n\000t\000a\000t\000i\000o\000n\000\040\000d\000e\000s\000\040\000c\000l\000a\000s\000s\000e\000s}{}% 6
\BOOKMARK [1][-]{section.4.1}{\376\377\0004\000.\0001\000\040\000R\000\351\000f\000\351\000r\000e\000n\000c\000e\000\040\000d\000e\000\040\000l\000a\000\040\000s\000t\000r\000u\000c\000t\000u\000r\000e\000\040\000b\000a\000r\000r\000e\000D\000e\000S\000o\000n}{chapter.4}% 7
\BOOKMARK [2][-]{subsection.4.1.1}{\376\377\0004\000.\0001\000.\0001\000\040\000D\000e\000s\000c\000r\000i\000p\000t\000i\000o\000n\000\040\000d\000\351\000t\000a\000i\000l\000l\000\351\000e}{section.4.1}% 8
\BOOKMARK [2][-]{subsection.4.1.2}{\376\377\0004\000.\0001\000.\0002\000\040\000D\000o\000c\000u\000m\000e\000n\000t\000a\000t\000i\000o\000n\000\040\000d\000e\000s\000\040\000d\000o\000n\000n\000\351\000e\000s\000\040\000m\000e\000m\000b\000r\000e\000s}{section.4.1}% 9
\BOOKMARK [3][-]{subsubsection.4.1.2.1}{\376\377\0004\000.\0001\000.\0002\000.\0001\000\040\000b\000a\000r\000r\000e}{subsection.4.1.2}% 10
\BOOKMARK [3][-]{subsubsection.4.1.2.2}{\376\377\0004\000.\0001\000.\0002\000.\0002\000\040\000c\000u\000r\000s\000e\000u\000r}{subsection.4.1.2}% 11
\BOOKMARK [3][-]{subsubsection.4.1.2.3}{\376\377\0004\000.\0001\000.\0002\000.\0003\000\040\000v\000o\000l\000u\000m\000e}{subsection.4.1.2}% 12
\BOOKMARK [3][-]{subsubsection.4.1.2.4}{\376\377\0004\000.\0001\000.\0002\000.\0004\000\040\000v\000o\000l\000u\000m\000e\000\137\000p\000r\000e\000c\000e\000d\000e\000n\000t}{subsection.4.1.2}% 13
\BOOKMARK [1][-]{section.4.2}{\376\377\0004\000.\0002\000\040\000R\000\351\000f\000\351\000r\000e\000n\000c\000e\000\040\000d\000e\000\040\000l\000a\000\040\000s\000t\000r\000u\000c\000t\000u\000r\000e\000\040\000i\000t\000e\000m\000M\000e\000n\000u}{chapter.4}% 14
\BOOKMARK [2][-]{subsection.4.2.1}{\376\377\0004\000.\0002\000.\0001\000\040\000D\000e\000s\000c\000r\000i\000p\000t\000i\000o\000n\000\040\000d\000\351\000t\000a\000i\000l\000l\000\351\000e}{section.4.2}% 15
\BOOKMARK [2][-]{subsection.4.2.2}{\376\377\0004\000.\0002\000.\0002\000\040\000D\000o\000c\000u\000m\000e\000n\000t\000a\000t\000i\000o\000n\000\040\000d\000e\000s\000\040\000d\000o\000n\000n\000\351\000e\000s\000\040\000m\000e\000m\000b\000r\000e\000s}{section.4.2}% 16
\BOOKMARK [3][-]{subsubsection.4.2.2.1}{\376\377\0004\000.\0002\000.\0002\000.\0001\000\040\000r\000e\000c\000t\000a\000n\000g\000l\000e}{subsection.4.2.2}% 17
\BOOKMARK [3][-]{subsubsection.4.2.2.2}{\376\377\0004\000.\0002\000.\0002\000.\0002\000\040\000t\000e\000x\000t\000e}{subsection.4.2.2}% 18
\BOOKMARK [1][-]{section.4.3}{\376\377\0004\000.\0003\000\040\000R\000\351\000f\000\351\000r\000e\000n\000c\000e\000\040\000d\000e\000\040\000l\000a\000\040\000s\000t\000r\000u\000c\000t\000u\000r\000e\000\040\000n\000i\000v\000e\000a\000u\000x}{chapter.4}% 19
\BOOKMARK [2][-]{subsection.4.3.1}{\376\377\0004\000.\0003\000.\0001\000\040\000D\000e\000s\000c\000r\000i\000p\000t\000i\000o\000n\000\040\000d\000\351\000t\000a\000i\000l\000l\000\351\000e}{section.4.3}% 20
\BOOKMARK [2][-]{subsection.4.3.2}{\376\377\0004\000.\0003\000.\0002\000\040\000D\000o\000c\000u\000m\000e\000n\000t\000a\000t\000i\000o\000n\000\040\000d\000e\000s\000\040\000d\000o\000n\000n\000\351\000e\000s\000\040\000m\000e\000m\000b\000r\000e\000s}{section.4.3}% 21
\BOOKMARK [3][-]{subsubsection.4.3.2.1}{\376\377\0004\000.\0003\000.\0002\000.\0001\000\040\000n\000i\000v\000e\000a\000u\000\137\000f\000i\000n\000i}{subsection.4.3.2}% 22
\BOOKMARK [3][-]{subsubsection.4.3.2.2}{\376\377\0004\000.\0003\000.\0002\000.\0002\000\040\000n\000u\000m\000e\000r\000o\000\137\000c\000o\000l\000l\000e\000c\000t\000i\000b\000l\000e}{subsection.4.3.2}% 23
\BOOKMARK [3][-]{subsubsection.4.3.2.3}{\376\377\0004\000.\0003\000.\0002\000.\0003\000\040\000t\000e\000x\000t\000u\000r\000e\000\137\000i\000m\000a\000g\000e\000\137\000c\000o\000l\000l\000e\000c\000t\000i\000b\000l\000e}{subsection.4.3.2}% 24
\BOOKMARK [0][-]{chapter.5}{\376\377\0005\000\040\000D\000o\000c\000u\000m\000e\000n\000t\000a\000t\000i\000o\000n\000\040\000d\000e\000s\000\040\000f\000i\000c\000h\000i\000e\000r\000s}{}% 25
\BOOKMARK [1][-]{section.5.1}{\376\377\0005\000.\0001\000\040\000R\000\351\000f\000\351\000r\000e\000n\000c\000e\000\040\000d\000u\000\040\000f\000i\000c\000h\000i\000e\000r\000\040\000f\000i\000c\000h\000i\000e\000r\000s\000\137\000c\000/\000f\000o\000n\000c\000t\000i\000o\000n\000s\000\137\000a\000r\000r\000i\000v\000e\000e\000\137\000n\000i\000v\000e\000a\000u\000x\000\137\0002\000\137\0003\000.\000c}{chapter.5}% 26
\BOOKMARK [2][-]{subsection.5.1.1}{\376\377\0005\000.\0001\000.\0001\000\040\000D\000e\000s\000c\000r\000i\000p\000t\000i\000o\000n\000\040\000d\000\351\000t\000a\000i\000l\000l\000\351\000e}{section.5.1}% 27
\BOOKMARK [2][-]{subsection.5.1.2}{\376\377\0005\000.\0001\000.\0002\000\040\000D\000o\000c\000u\000m\000e\000n\000t\000a\000t\000i\000o\000n\000\040\000d\000e\000s\000\040\000f\000o\000n\000c\000t\000i\000o\000n\000s}{section.5.1}% 28
\BOOKMARK [3][-]{subsubsection.5.1.2.1}{\376\377\0005\000.\0001\000.\0002\000.\0001\000\040\000a\000r\000r\000i\000v\000e\000e\000\137\000n\000i\000v\000e\000a\000u\000x\000\137\0002\000\137\0003\000\050\000\051}{subsection.5.1.2}% 29
\BOOKMARK [3][-]{subsubsection.5.1.2.2}{\376\377\0005\000.\0001\000.\0002\000.\0002\000\040\000e\000x\000p\000l\000i\000c\000a\000t\000i\000o\000n\000s\000\050\000\051}{subsection.5.1.2}% 30
\BOOKMARK [3][-]{subsubsection.5.1.2.3}{\376\377\0005\000.\0001\000.\0002\000.\0003\000\040\000m\000i\000s\000e\000\137\000a\000\137\000j\000o\000u\000r\000\137\000r\000e\000n\000d\000u\000\137\000a\000r\000r\000i\000v\000e\000e\000\137\000n\000i\000v\000e\000a\000u\000x\000\137\0002\000\137\0003\000\050\000\051}{subsection.5.1.2}% 31
\BOOKMARK [3][-]{subsubsection.5.1.2.4}{\376\377\0005\000.\0001\000.\0002\000.\0004\000\040\000s\000a\000l\000o\000n\000\137\000a\000r\000r\000i\000v\000e\000e\000\137\000n\000i\000v\000e\000a\000u\000x\000\137\0002\000\137\0003\000\050\000\051}{subsection.5.1.2}% 32
\BOOKMARK [1][-]{section.5.2}{\376\377\0005\000.\0002\000\040\000f\000o\000n\000c\000t\000i\000o\000n\000s\000\137\000a\000r\000r\000i\000v\000e\000e\000\137\000n\000i\000v\000e\000a\000u\000x\000\137\0002\000\137\0003\000.\000c}{chapter.5}% 33
\BOOKMARK [1][-]{section.5.3}{\376\377\0005\000.\0003\000\040\000R\000\351\000f\000\351\000r\000e\000n\000c\000e\000\040\000d\000u\000\040\000f\000i\000c\000h\000i\000e\000r\000\040\000f\000i\000c\000h\000i\000e\000r\000s\000\137\000c\000/\000f\000o\000n\000c\000t\000i\000o\000n\000s\000\137\000c\000a\000r\000t\000e\000.\000c}{chapter.5}% 34
\BOOKMARK [2][-]{subsection.5.3.1}{\376\377\0005\000.\0003\000.\0001\000\040\000D\000e\000s\000c\000r\000i\000p\000t\000i\000o\000n\000\040\000d\000\351\000t\000a\000i\000l\000l\000\351\000e}{section.5.3}% 35
\BOOKMARK [2][-]{subsection.5.3.2}{\376\377\0005\000.\0003\000.\0002\000\040\000D\000o\000c\000u\000m\000e\000n\000t\000a\000t\000i\000o\000n\000\040\000d\000e\000s\000\040\000f\000o\000n\000c\000t\000i\000o\000n\000s}{section.5.3}% 36
\BOOKMARK [3][-]{subsubsection.5.3.2.1}{\376\377\0005\000.\0003\000.\0002\000.\0001\000\040\000c\000a\000r\000t\000e\000\050\000\051}{subsection.5.3.2}% 37
\BOOKMARK [3][-]{subsubsection.5.3.2.2}{\376\377\0005\000.\0003\000.\0002\000.\0002\000\040\000d\000e\000p\000l\000a\000c\000e\000m\000e\000n\000t\000\137\000p\000e\000r\000s\000o\000n\000n\000a\000g\000e\000\137\000c\000a\000r\000t\000e\000\050\000\051}{subsection.5.3.2}% 38
\BOOKMARK [3][-]{subsubsection.5.3.2.3}{\376\377\0005\000.\0003\000.\0002\000.\0003\000\040\000i\000n\000i\000t\000i\000a\000l\000i\000s\000a\000t\000i\000o\000n\000\137\000o\000b\000j\000e\000t\000s\000\137\000c\000a\000r\000t\000e\000\050\000\051}{subsection.5.3.2}% 39
\BOOKMARK [3][-]{subsubsection.5.3.2.4}{\376\377\0005\000.\0003\000.\0002\000.\0004\000\040\000m\000i\000s\000e\000\137\000a\000\137\000j\000o\000u\000r\000\137\000r\000e\000n\000d\000u\000\137\000c\000a\000r\000t\000e\000\050\000\051}{subsection.5.3.2}% 40
\BOOKMARK [1][-]{section.5.4}{\376\377\0005\000.\0004\000\040\000f\000o\000n\000c\000t\000i\000o\000n\000s\000\137\000c\000a\000r\000t\000e\000.\000c}{chapter.5}% 41
\BOOKMARK [1][-]{section.5.5}{\376\377\0005\000.\0005\000\040\000R\000\351\000f\000\351\000r\000e\000n\000c\000e\000\040\000d\000u\000\040\000f\000i\000c\000h\000i\000e\000r\000\040\000f\000i\000c\000h\000i\000e\000r\000s\000\137\000c\000/\000f\000o\000n\000c\000t\000i\000o\000n\000s\000\137\000g\000e\000n\000e\000r\000a\000l\000e\000s\000.\000c}{chapter.5}% 42
\BOOKMARK [2][-]{subsection.5.5.1}{\376\377\0005\000.\0005\000.\0001\000\040\000D\000e\000s\000c\000r\000i\000p\000t\000i\000o\000n\000\040\000d\000\351\000t\000a\000i\000l\000l\000\351\000e}{section.5.5}% 43
\BOOKMARK [2][-]{subsection.5.5.2}{\376\377\0005\000.\0005\000.\0002\000\040\000D\000o\000c\000u\000m\000e\000n\000t\000a\000t\000i\000o\000n\000\040\000d\000e\000s\000\040\000f\000o\000n\000c\000t\000i\000o\000n\000s}{section.5.5}% 44
\BOOKMARK [3][-]{subsubsection.5.5.2.1}{\376\377\0005\000.\0005\000.\0002\000.\0001\000\040\000a\000f\000f\000i\000c\000h\000a\000g\000e\000\137\000t\000e\000x\000t\000e\000\050\000\051}{subsection.5.5.2}% 45
\BOOKMARK [3][-]{subsubsection.5.5.2.2}{\376\377\0005\000.\0005\000.\0002\000.\0002\000\040\000c\000h\000a\000r\000g\000e\000m\000e\000n\000t\000\137\000i\000m\000a\000g\000e\000\050\000\051}{subsection.5.5.2}% 46
\BOOKMARK [3][-]{subsubsection.5.5.2.3}{\376\377\0005\000.\0005\000.\0002\000.\0003\000\040\000c\000l\000i\000c\000\137\000c\000a\000s\000e\000\050\000\051}{subsection.5.5.2}% 47
\BOOKMARK [3][-]{subsubsection.5.5.2.4}{\376\377\0005\000.\0005\000.\0002\000.\0004\000\040\000c\000l\000i\000c\000\137\000p\000l\000e\000i\000n\000\137\000e\000c\000r\000a\000n\000\050\000\051}{subsection.5.5.2}% 48
\BOOKMARK [3][-]{subsubsection.5.5.2.5}{\376\377\0005\000.\0005\000.\0002\000.\0005\000\040\000c\000r\000e\000e\000r\000\137\000f\000e\000n\000e\000t\000r\000e\000\137\000r\000e\000n\000d\000u\000\050\000\051}{subsection.5.5.2}% 49
\BOOKMARK [3][-]{subsubsection.5.5.2.6}{\376\377\0005\000.\0005\000.\0002\000.\0006\000\040\000d\000e\000m\000a\000n\000d\000e\000\137\000q\000u\000i\000t\000t\000e\000r\000\137\000n\000i\000v\000e\000a\000u\000\050\000\051}{subsection.5.5.2}% 50
\BOOKMARK [3][-]{subsubsection.5.5.2.7}{\376\377\0005\000.\0005\000.\0002\000.\0007\000\040\000d\000e\000m\000a\000n\000d\000e\000\137\000s\000a\000u\000v\000e\000g\000a\000r\000d\000e\000\050\000\051}{subsection.5.5.2}% 51
\BOOKMARK [3][-]{subsubsection.5.5.2.8}{\376\377\0005\000.\0005\000.\0002\000.\0008\000\040\000d\000e\000p\000l\000a\000c\000e\000m\000e\000n\000t\000\137\000p\000e\000r\000s\000o\000n\000n\000a\000g\000e\000\050\000\051}{subsection.5.5.2}% 52
\BOOKMARK [3][-]{subsubsection.5.5.2.9}{\376\377\0005\000.\0005\000.\0002\000.\0009\000\040\000d\000e\000t\000r\000u\000i\000r\000e\000\137\000f\000e\000n\000e\000t\000r\000e\000\137\000r\000e\000n\000d\000u\000\050\000\051}{subsection.5.5.2}% 53
\BOOKMARK [3][-]{subsubsection.5.5.2.10}{\376\377\0005\000.\0005\000.\0002\000.\0001\0000\000\040\000d\000e\000t\000r\000u\000i\000r\000e\000\137\000o\000b\000j\000e\000t\000s\000\050\000\051}{subsection.5.5.2}% 54
\BOOKMARK [3][-]{subsubsection.5.5.2.11}{\376\377\0005\000.\0005\000.\0002\000.\0001\0001\000\040\000e\000r\000r\000e\000u\000r\000\050\000\051}{subsection.5.5.2}% 55
\BOOKMARK [3][-]{subsubsection.5.5.2.12}{\376\377\0005\000.\0005\000.\0002\000.\0001\0002\000\040\000i\000n\000i\000t\000i\000a\000l\000i\000s\000a\000t\000i\000o\000n\000\137\000o\000b\000j\000e\000t\000s\000\050\000\051}{subsection.5.5.2}% 56
\BOOKMARK [3][-]{subsubsection.5.5.2.13}{\376\377\0005\000.\0005\000.\0002\000.\0001\0003\000\040\000r\000e\000d\000i\000m\000e\000n\000s\000i\000o\000n\000n\000e\000m\000e\000n\000t\000\137\000f\000e\000n\000e\000t\000r\000e\000\050\000\051}{subsection.5.5.2}% 57
\BOOKMARK [3][-]{subsubsection.5.5.2.14}{\376\377\0005\000.\0005\000.\0002\000.\0001\0004\000\040\000s\000a\000u\000v\000e\000g\000a\000r\000d\000e\000r\000\137\000p\000a\000r\000t\000i\000e\000\050\000\051}{subsection.5.5.2}% 58
\BOOKMARK [3][-]{subsubsection.5.5.2.15}{\376\377\0005\000.\0005\000.\0002\000.\0001\0005\000\040\000v\000e\000r\000i\000f\000i\000c\000a\000t\000i\000o\000n\000\137\000s\000a\000u\000v\000e\000g\000a\000r\000d\000e\000\050\000\051}{subsection.5.5.2}% 59
\BOOKMARK [1][-]{section.5.6}{\376\377\0005\000.\0006\000\040\000f\000o\000n\000c\000t\000i\000o\000n\000s\000\137\000g\000e\000n\000e\000r\000a\000l\000e\000s\000.\000c}{chapter.5}% 60
\BOOKMARK [1][-]{section.5.7}{\376\377\0005\000.\0007\000\040\000R\000\351\000f\000\351\000r\000e\000n\000c\000e\000\040\000d\000u\000\040\000f\000i\000c\000h\000i\000e\000r\000\040\000f\000i\000c\000h\000i\000e\000r\000s\000\137\000c\000/\000f\000o\000n\000c\000t\000i\000o\000n\000s\000\137\000i\000n\000t\000r\000o\000d\000u\000c\000t\000i\000o\000n\000.\000c}{chapter.5}% 61
\BOOKMARK [2][-]{subsection.5.7.1}{\376\377\0005\000.\0007\000.\0001\000\040\000D\000e\000s\000c\000r\000i\000p\000t\000i\000o\000n\000\040\000d\000\351\000t\000a\000i\000l\000l\000\351\000e}{section.5.7}% 62
\BOOKMARK [2][-]{subsection.5.7.2}{\376\377\0005\000.\0007\000.\0002\000\040\000D\000o\000c\000u\000m\000e\000n\000t\000a\000t\000i\000o\000n\000\040\000d\000e\000s\000\040\000f\000o\000n\000c\000t\000i\000o\000n\000s}{section.5.7}% 63
\BOOKMARK [3][-]{subsubsection.5.7.2.1}{\376\377\0005\000.\0007\000.\0002\000.\0001\000\040\000i\000n\000t\000r\000o\000d\000u\000c\000t\000i\000o\000n\000\050\000\051}{subsection.5.7.2}% 64
\BOOKMARK [3][-]{subsubsection.5.7.2.2}{\376\377\0005\000.\0007\000.\0002\000.\0002\000\040\000m\000i\000s\000e\000\137\000a\000\137\000j\000o\000u\000r\000\137\000r\000e\000n\000d\000u\000\137\000i\000n\000t\000r\000o\000d\000u\000c\000t\000i\000o\000n\000\050\000\051}{subsection.5.7.2}% 65
\BOOKMARK [1][-]{section.5.8}{\376\377\0005\000.\0008\000\040\000f\000o\000n\000c\000t\000i\000o\000n\000s\000\137\000i\000n\000t\000r\000o\000d\000u\000c\000t\000i\000o\000n\000.\000c}{chapter.5}% 66
\BOOKMARK [1][-]{section.5.9}{\376\377\0005\000.\0009\000\040\000R\000\351\000f\000\351\000r\000e\000n\000c\000e\000\040\000d\000u\000\040\000f\000i\000c\000h\000i\000e\000r\000\040\000f\000i\000c\000h\000i\000e\000r\000s\000\137\000c\000/\000f\000o\000n\000c\000t\000i\000o\000n\000s\000\137\000m\000e\000n\000u\000\137\000p\000r\000i\000n\000c\000i\000p\000a\000l\000.\000c}{chapter.5}% 67
\BOOKMARK [2][-]{subsection.5.9.1}{\376\377\0005\000.\0009\000.\0001\000\040\000D\000e\000s\000c\000r\000i\000p\000t\000i\000o\000n\000\040\000d\000\351\000t\000a\000i\000l\000l\000\351\000e}{section.5.9}% 68
\BOOKMARK [2][-]{subsection.5.9.2}{\376\377\0005\000.\0009\000.\0002\000\040\000D\000o\000c\000u\000m\000e\000n\000t\000a\000t\000i\000o\000n\000\040\000d\000e\000s\000\040\000f\000o\000n\000c\000t\000i\000o\000n\000s}{section.5.9}% 69
\BOOKMARK [3][-]{subsubsection.5.9.2.1}{\376\377\0005\000.\0009\000.\0002\000.\0001\000\040\000i\000n\000i\000t\000i\000a\000l\000i\000s\000a\000t\000i\000o\000n\000\137\000o\000b\000j\000e\000t\000s\000\137\000m\000e\000n\000u\000\137\000p\000r\000i\000n\000c\000i\000p\000a\000l\000\050\000\051}{subsection.5.9.2}% 70
\BOOKMARK [3][-]{subsubsection.5.9.2.2}{\376\377\0005\000.\0009\000.\0002\000.\0002\000\040\000m\000e\000n\000u\000\137\000p\000r\000i\000n\000c\000i\000p\000a\000l\000\050\000\051}{subsection.5.9.2}% 71
\BOOKMARK [3][-]{subsubsection.5.9.2.3}{\376\377\0005\000.\0009\000.\0002\000.\0003\000\040\000m\000i\000s\000e\000\137\000a\000\137\000j\000o\000u\000r\000\137\000r\000e\000n\000d\000u\000\137\000m\000e\000n\000u\000\137\000p\000r\000i\000n\000c\000i\000p\000a\000l\000\050\000\051}{subsection.5.9.2}% 72
\BOOKMARK [1][-]{section.5.10}{\376\377\0005\000.\0001\0000\000\040\000f\000o\000n\000c\000t\000i\000o\000n\000s\000\137\000m\000e\000n\000u\000\137\000p\000r\000i\000n\000c\000i\000p\000a\000l\000.\000c}{chapter.5}% 73
\BOOKMARK [1][-]{section.5.11}{\376\377\0005\000.\0001\0001\000\040\000R\000\351\000f\000\351\000r\000e\000n\000c\000e\000\040\000d\000u\000\040\000f\000i\000c\000h\000i\000e\000r\000\040\000f\000i\000c\000h\000i\000e\000r\000s\000\137\000c\000/\000f\000o\000n\000c\000t\000i\000o\000n\000s\000\137\000n\000i\000v\000e\000a\000u\000\137\0001\000.\000c}{chapter.5}% 74
\BOOKMARK [2][-]{subsection.5.11.1}{\376\377\0005\000.\0001\0001\000.\0001\000\040\000D\000e\000s\000c\000r\000i\000p\000t\000i\000o\000n\000\040\000d\000\351\000t\000a\000i\000l\000l\000\351\000e}{section.5.11}% 75
\BOOKMARK [2][-]{subsection.5.11.2}{\376\377\0005\000.\0001\0001\000.\0002\000\040\000D\000o\000c\000u\000m\000e\000n\000t\000a\000t\000i\000o\000n\000\040\000d\000e\000s\000\040\000f\000o\000n\000c\000t\000i\000o\000n\000s}{section.5.11}% 76
\BOOKMARK [3][-]{subsubsection.5.11.2.1}{\376\377\0005\000.\0001\0001\000.\0002\000.\0001\000\040\000c\000h\000a\000r\000g\000e\000m\000e\000n\000t\000\137\000n\000i\000v\000e\000a\000u\000\137\0001\000\050\000\051}{subsection.5.11.2}% 77
\BOOKMARK [3][-]{subsubsection.5.11.2.2}{\376\377\0005\000.\0001\0001\000.\0002\000.\0002\000\040\000i\000n\000i\000t\000i\000a\000l\000i\000s\000a\000t\000i\000o\000n\000\137\000o\000b\000j\000e\000t\000s\000\137\000n\000i\000v\000e\000a\000u\000\137\0001\000\050\000\051}{subsection.5.11.2}% 78
\BOOKMARK [3][-]{subsubsection.5.11.2.3}{\376\377\0005\000.\0001\0001\000.\0002\000.\0003\000\040\000m\000i\000s\000e\000\137\000a\000\137\000j\000o\000u\000r\000\137\000r\000e\000n\000d\000u\000\137\000n\000i\000v\000e\000a\000u\000\137\0001\000\050\000\051}{subsection.5.11.2}% 79
\BOOKMARK [3][-]{subsubsection.5.11.2.4}{\376\377\0005\000.\0001\0001\000.\0002\000.\0004\000\040\000n\000i\000v\000e\000a\000u\000\137\0001\000\050\000\051}{subsection.5.11.2}% 80
\BOOKMARK [1][-]{section.5.12}{\376\377\0005\000.\0001\0002\000\040\000f\000o\000n\000c\000t\000i\000o\000n\000s\000\137\000n\000i\000v\000e\000a\000u\000\137\0001\000.\000c}{chapter.5}% 81
\BOOKMARK [1][-]{section.5.13}{\376\377\0005\000.\0001\0003\000\040\000R\000\351\000f\000\351\000r\000e\000n\000c\000e\000\040\000d\000u\000\040\000f\000i\000c\000h\000i\000e\000r\000\040\000f\000i\000c\000h\000i\000e\000r\000s\000\137\000c\000/\000f\000o\000n\000c\000t\000i\000o\000n\000s\000\137\000n\000i\000v\000e\000a\000u\000\137\0002\000.\000c}{chapter.5}% 82
\BOOKMARK [2][-]{subsection.5.13.1}{\376\377\0005\000.\0001\0003\000.\0001\000\040\000D\000o\000c\000u\000m\000e\000n\000t\000a\000t\000i\000o\000n\000\040\000d\000e\000s\000\040\000f\000o\000n\000c\000t\000i\000o\000n\000s}{section.5.13}% 83
\BOOKMARK [3][-]{subsubsection.5.13.1.1}{\376\377\0005\000.\0001\0003\000.\0001\000.\0001\000\040\000i\000n\000i\000t\000i\000a\000l\000i\000s\000a\000t\000i\000o\000n\000\137\000o\000b\000j\000e\000t\000s\000\137\000n\000i\000v\000e\000a\000u\000\137\0002\000\050\000\051}{subsection.5.13.1}% 84
\BOOKMARK [3][-]{subsubsection.5.13.1.2}{\376\377\0005\000.\0001\0003\000.\0001\000.\0002\000\040\000m\000i\000n\000i\000\137\000j\000e\000u\000\137\0001\000\137\000n\000i\000v\000e\000a\000u\000\137\0002\000\050\000\051}{subsection.5.13.1}% 85
\BOOKMARK [3][-]{subsubsection.5.13.1.3}{\376\377\0005\000.\0001\0003\000.\0001\000.\0003\000\040\000m\000i\000n\000i\000\137\000j\000e\000u\000\137\0002\000\137\000n\000i\000v\000e\000a\000u\000\137\0002\000\050\000\051}{subsection.5.13.1}% 86
\BOOKMARK [3][-]{subsubsection.5.13.1.4}{\376\377\0005\000.\0001\0003\000.\0001\000.\0004\000\040\000m\000i\000n\000i\000\137\000j\000e\000u\000x\000\137\000n\000i\000v\000e\000a\000u\000\137\0002\000\050\000\051}{subsection.5.13.1}% 87
\BOOKMARK [3][-]{subsubsection.5.13.1.5}{\376\377\0005\000.\0001\0003\000.\0001\000.\0005\000\040\000m\000i\000s\000e\000\137\000a\000\137\000j\000o\000u\000r\000\137\000b\000o\000r\000d\000u\000r\000e\000s\000\137\000n\000i\000v\000e\000a\000u\000\137\0002\000\050\000\051}{subsection.5.13.1}% 88
\BOOKMARK [3][-]{subsubsection.5.13.1.6}{\376\377\0005\000.\0001\0003\000.\0001\000.\0006\000\040\000m\000i\000s\000e\000\137\000a\000\137\000j\000o\000u\000r\000\137\000m\000i\000n\000i\000\137\000j\000e\000u\000\137\0001\000\137\000n\000i\000v\000e\000a\000u\000\137\0002\000\050\000\051}{subsection.5.13.1}% 89
\BOOKMARK [3][-]{subsubsection.5.13.1.7}{\376\377\0005\000.\0001\0003\000.\0001\000.\0007\000\040\000m\000i\000s\000e\000\137\000a\000\137\000j\000o\000u\000r\000\137\000m\000i\000n\000i\000\137\000j\000e\000u\000\137\0002\000\137\000n\000i\000v\000e\000a\000u\000\137\0002\000\050\000\051}{subsection.5.13.1}% 90
\BOOKMARK [3][-]{subsubsection.5.13.1.8}{\376\377\0005\000.\0001\0003\000.\0001\000.\0008\000\040\000v\000e\000r\000i\000f\000i\000c\000a\000t\000i\000o\000n\000\137\000c\000h\000e\000m\000i\000n\000\050\000\051}{subsection.5.13.1}% 91
\BOOKMARK [1][-]{section.5.14}{\376\377\0005\000.\0001\0004\000\040\000f\000o\000n\000c\000t\000i\000o\000n\000s\000\137\000n\000i\000v\000e\000a\000u\000\137\0002\000.\000c}{chapter.5}% 92
\BOOKMARK [1][-]{section.5.15}{\376\377\0005\000.\0001\0005\000\040\000R\000\351\000f\000\351\000r\000e\000n\000c\000e\000\040\000d\000u\000\040\000f\000i\000c\000h\000i\000e\000r\000\040\000f\000i\000c\000h\000i\000e\000r\000s\000\137\000c\000/\000f\000o\000n\000c\000t\000i\000o\000n\000s\000\137\000n\000i\000v\000e\000a\000u\000\137\0003\000.\000c}{chapter.5}% 93
\BOOKMARK [2][-]{subsection.5.15.1}{\376\377\0005\000.\0001\0005\000.\0001\000\040\000D\000o\000c\000u\000m\000e\000n\000t\000a\000t\000i\000o\000n\000\040\000d\000e\000s\000\040\000f\000o\000n\000c\000t\000i\000o\000n\000s}{section.5.15}% 94
\BOOKMARK [3][-]{subsubsection.5.15.1.1}{\376\377\0005\000.\0001\0005\000.\0001\000.\0001\000\040\000i\000n\000i\000t\000i\000a\000l\000i\000s\000a\000t\000i\000o\000n\000\137\000o\000b\000j\000e\000t\000s\000\137\000n\000i\000v\000e\000a\000u\000\137\0003\000\050\000\051}{subsection.5.15.1}% 95
\BOOKMARK [3][-]{subsubsection.5.15.1.2}{\376\377\0005\000.\0001\0005\000.\0001\000.\0002\000\040\000m\000i\000n\000i\000\137\000j\000e\000u\000\137\0002\000\137\000n\000i\000v\000e\000a\000u\000\137\0003\000\050\000\051}{subsection.5.15.1}% 96
\BOOKMARK [3][-]{subsubsection.5.15.1.3}{\376\377\0005\000.\0001\0005\000.\0001\000.\0003\000\040\000m\000i\000n\000i\000\137\000j\000e\000u\000x\000\137\000n\000i\000v\000e\000a\000u\000\137\0003\000\050\000\051}{subsection.5.15.1}% 97
\BOOKMARK [3][-]{subsubsection.5.15.1.4}{\376\377\0005\000.\0001\0005\000.\0001\000.\0004\000\040\000m\000i\000s\000e\000\137\000a\000\137\000j\000o\000u\000r\000\137\000b\000o\000r\000d\000u\000r\000e\000s\000\137\000n\000i\000v\000e\000a\000u\000\137\0003\000\050\000\051}{subsection.5.15.1}% 98
\BOOKMARK [3][-]{subsubsection.5.15.1.5}{\376\377\0005\000.\0001\0005\000.\0001\000.\0005\000\040\000m\000i\000s\000e\000\137\000a\000\137\000j\000o\000u\000r\000\137\000m\000i\000n\000i\000\137\000j\000e\000u\000\137\0001\000\137\000n\000i\000v\000e\000a\000u\000\137\0003\000\050\000\051}{subsection.5.15.1}% 99
\BOOKMARK [3][-]{subsubsection.5.15.1.6}{\376\377\0005\000.\0001\0005\000.\0001\000.\0006\000\040\000m\000i\000s\000e\000\137\000a\000\137\000j\000o\000u\000r\000\137\000m\000i\000n\000i\000\137\000j\000e\000u\000\137\0002\000\137\000n\000i\000v\000e\000a\000u\000\137\0003\000\050\000\051}{subsection.5.15.1}% 100
\BOOKMARK [3][-]{subsubsection.5.15.1.7}{\376\377\0005\000.\0001\0005\000.\0001\000.\0007\000\040\000p\000i\000e\000c\000e\000\137\000p\000r\000o\000c\000h\000e\000\137\000p\000o\000s\000i\000t\000i\000o\000n\000\137\000c\000o\000r\000r\000e\000c\000t\000e\000\050\000\051}{subsection.5.15.1}% 101
\BOOKMARK [3][-]{subsubsection.5.15.1.8}{\376\377\0005\000.\0001\0005\000.\0001\000.\0008\000\040\000r\000e\000c\000t\000a\000n\000g\000l\000e\000\137\000p\000i\000e\000c\000e\000\137\000a\000l\000e\000a\000t\000o\000i\000r\000e\000\050\000\051}{subsection.5.15.1}% 102
\BOOKMARK [3][-]{subsubsection.5.15.1.9}{\376\377\0005\000.\0001\0005\000.\0001\000.\0009\000\040\000t\000r\000a\000i\000t\000e\000m\000e\000n\000t\000\137\000t\000o\000u\000c\000h\000e\000s\000\050\000\051}{subsection.5.15.1}% 103
\BOOKMARK [3][-]{subsubsection.5.15.1.10}{\376\377\0005\000.\0001\0005\000.\0001\000.\0001\0000\000\040\000v\000e\000r\000i\000f\000i\000c\000a\000t\000i\000o\000n\000\137\000p\000u\000z\000z\000l\000e\000\137\000f\000i\000n\000i\000\050\000\051}{subsection.5.15.1}% 104
\BOOKMARK [1][-]{section.5.16}{\376\377\0005\000.\0001\0006\000\040\000f\000o\000n\000c\000t\000i\000o\000n\000s\000\137\000n\000i\000v\000e\000a\000u\000\137\0003\000.\000c}{chapter.5}% 105
\BOOKMARK [1][-]{section.5.17}{\376\377\0005\000.\0001\0007\000\040\000R\000\351\000f\000\351\000r\000e\000n\000c\000e\000\040\000d\000u\000\040\000f\000i\000c\000h\000i\000e\000r\000\040\000f\000i\000c\000h\000i\000e\000r\000s\000\137\000c\000/\000f\000o\000n\000c\000t\000i\000o\000n\000s\000\137\000n\000i\000v\000e\000a\000u\000\137\0004\000.\000c}{chapter.5}% 106
\BOOKMARK [2][-]{subsection.5.17.1}{\376\377\0005\000.\0001\0007\000.\0001\000\040\000D\000e\000s\000c\000r\000i\000p\000t\000i\000o\000n\000\040\000d\000\351\000t\000a\000i\000l\000l\000\351\000e}{section.5.17}% 107
\BOOKMARK [2][-]{subsection.5.17.2}{\376\377\0005\000.\0001\0007\000.\0002\000\040\000D\000o\000c\000u\000m\000e\000n\000t\000a\000t\000i\000o\000n\000\040\000d\000e\000s\000\040\000f\000o\000n\000c\000t\000i\000o\000n\000s}{section.5.17}% 108
\BOOKMARK [3][-]{subsubsection.5.17.2.1}{\376\377\0005\000.\0001\0007\000.\0002\000.\0001\000\040\000e\000t\000a\000g\000e\000\137\0001\000\050\000\051}{subsection.5.17.2}% 109
\BOOKMARK [3][-]{subsubsection.5.17.2.2}{\376\377\0005\000.\0001\0007\000.\0002\000.\0002\000\040\000e\000t\000a\000g\000e\000\137\0002\000\050\000\051}{subsection.5.17.2}% 110
\BOOKMARK [3][-]{subsubsection.5.17.2.3}{\376\377\0005\000.\0001\0007\000.\0002\000.\0003\000\040\000e\000t\000a\000g\000e\000\137\0003\000\050\000\051}{subsection.5.17.2}% 111
\BOOKMARK [3][-]{subsubsection.5.17.2.4}{\376\377\0005\000.\0001\0007\000.\0002\000.\0004\000\040\000e\000t\000a\000g\000e\000\137\0004\000\050\000\051}{subsection.5.17.2}% 112
\BOOKMARK [3][-]{subsubsection.5.17.2.5}{\376\377\0005\000.\0001\0007\000.\0002\000.\0005\000\040\000e\000t\000a\000g\000e\000\137\0005\000\050\000\051}{subsection.5.17.2}% 113
\BOOKMARK [3][-]{subsubsection.5.17.2.6}{\376\377\0005\000.\0001\0007\000.\0002\000.\0006\000\040\000i\000n\000i\000t\000i\000a\000l\000i\000s\000a\000t\000i\000o\000n\000\137\000o\000b\000j\000e\000t\000s\000\137\000n\000i\000v\000e\000a\000u\000\137\0004\000\050\000\051}{subsection.5.17.2}% 114
\BOOKMARK [3][-]{subsubsection.5.17.2.7}{\376\377\0005\000.\0001\0007\000.\0002\000.\0007\000\040\000m\000i\000s\000e\000\137\000a\000\137\000j\000o\000u\000r\000\137\000r\000e\000n\000d\000u\000\137\000n\000i\000v\000e\000a\000u\000\137\0004\000\050\000\051}{subsection.5.17.2}% 115
\BOOKMARK [3][-]{subsubsection.5.17.2.8}{\376\377\0005\000.\0001\0007\000.\0002\000.\0008\000\040\000n\000i\000v\000e\000a\000u\000\137\0004\000\050\000\051}{subsection.5.17.2}% 116
\BOOKMARK [1][-]{section.5.18}{\376\377\0005\000.\0001\0008\000\040\000f\000o\000n\000c\000t\000i\000o\000n\000s\000\137\000n\000i\000v\000e\000a\000u\000\137\0004\000.\000c}{chapter.5}% 117
\BOOKMARK [1][-]{section.5.19}{\376\377\0005\000.\0001\0009\000\040\000R\000\351\000f\000\351\000r\000e\000n\000c\000e\000\040\000d\000u\000\040\000f\000i\000c\000h\000i\000e\000r\000\040\000f\000i\000c\000h\000i\000e\000r\000s\000\137\000c\000/\000f\000o\000n\000c\000t\000i\000o\000n\000s\000\137\000n\000o\000u\000v\000e\000l\000l\000e\000\137\000p\000a\000r\000t\000i\000e\000.\000c}{chapter.5}% 118
\BOOKMARK [2][-]{subsection.5.19.1}{\376\377\0005\000.\0001\0009\000.\0001\000\040\000D\000e\000s\000c\000r\000i\000p\000t\000i\000o\000n\000\040\000d\000\351\000t\000a\000i\000l\000l\000\351\000e}{section.5.19}% 119
\BOOKMARK [2][-]{subsection.5.19.2}{\376\377\0005\000.\0001\0009\000.\0002\000\040\000D\000o\000c\000u\000m\000e\000n\000t\000a\000t\000i\000o\000n\000\040\000d\000e\000s\000\040\000f\000o\000n\000c\000t\000i\000o\000n\000s}{section.5.19}% 120
\BOOKMARK [3][-]{subsubsection.5.19.2.1}{\376\377\0005\000.\0001\0009\000.\0002\000.\0001\000\040\000i\000n\000i\000t\000i\000a\000l\000i\000s\000a\000t\000i\000o\000n\000\137\000o\000b\000j\000e\000t\000s\000\137\000n\000o\000u\000v\000e\000l\000l\000e\000\137\000p\000a\000r\000t\000i\000e\000\050\000\051}{subsection.5.19.2}% 121
\BOOKMARK [3][-]{subsubsection.5.19.2.2}{\376\377\0005\000.\0001\0009\000.\0002\000.\0002\000\040\000m\000i\000s\000e\000\137\000a\000\137\000j\000o\000u\000r\000\137\000r\000e\000n\000d\000u\000\137\000n\000o\000u\000v\000e\000l\000l\000e\000\137\000p\000a\000r\000t\000i\000e\000\050\000\051}{subsection.5.19.2}% 122
\BOOKMARK [3][-]{subsubsection.5.19.2.3}{\376\377\0005\000.\0001\0009\000.\0002\000.\0003\000\040\000n\000o\000u\000v\000e\000l\000l\000e\000\137\000p\000a\000r\000t\000i\000e\000\050\000\051}{subsection.5.19.2}% 123
\BOOKMARK [1][-]{section.5.20}{\376\377\0005\000.\0002\0000\000\040\000f\000o\000n\000c\000t\000i\000o\000n\000s\000\137\000n\000o\000u\000v\000e\000l\000l\000e\000\137\000p\000a\000r\000t\000i\000e\000.\000c}{chapter.5}% 124
\BOOKMARK [1][-]{section.5.21}{\376\377\0005\000.\0002\0001\000\040\000R\000\351\000f\000\351\000r\000e\000n\000c\000e\000\040\000d\000u\000\040\000f\000i\000c\000h\000i\000e\000r\000\040\000f\000i\000c\000h\000i\000e\000r\000s\000\137\000c\000/\000f\000o\000n\000c\000t\000i\000o\000n\000s\000\137\000o\000p\000t\000i\000o\000n\000s\000.\000c}{chapter.5}% 125
\BOOKMARK [2][-]{subsection.5.21.1}{\376\377\0005\000.\0002\0001\000.\0001\000\040\000D\000e\000s\000c\000r\000i\000p\000t\000i\000o\000n\000\040\000d\000\351\000t\000a\000i\000l\000l\000\351\000e}{section.5.21}% 126
\BOOKMARK [2][-]{subsection.5.21.2}{\376\377\0005\000.\0002\0001\000.\0002\000\040\000D\000o\000c\000u\000m\000e\000n\000t\000a\000t\000i\000o\000n\000\040\000d\000e\000s\000\040\000f\000o\000n\000c\000t\000i\000o\000n\000s}{section.5.21}% 127
\BOOKMARK [3][-]{subsubsection.5.21.2.1}{\376\377\0005\000.\0002\0001\000.\0002\000.\0001\000\040\000i\000n\000i\000t\000i\000a\000l\000i\000s\000a\000t\000i\000o\000n\000\137\000o\000b\000j\000e\000t\000s\000\137\000o\000p\000t\000i\000o\000n\000s\000\050\000\051}{subsection.5.21.2}% 128
\BOOKMARK [3][-]{subsubsection.5.21.2.2}{\376\377\0005\000.\0002\0001\000.\0002\000.\0002\000\040\000m\000i\000s\000e\000\137\000a\000\137\000j\000o\000u\000r\000\137\000b\000a\000r\000r\000e\000\137\000d\000e\000\137\000s\000o\000n\000\050\000\051}{subsection.5.21.2}% 129
\BOOKMARK [3][-]{subsubsection.5.21.2.3}{\376\377\0005\000.\0002\0001\000.\0002\000.\0003\000\040\000m\000i\000s\000e\000\137\000a\000\137\000j\000o\000u\000r\000\137\000r\000e\000n\000d\000u\000\137\000o\000p\000t\000i\000o\000n\000s\000\050\000\051}{subsection.5.21.2}% 130
\BOOKMARK [3][-]{subsubsection.5.21.2.4}{\376\377\0005\000.\0002\0001\000.\0002\000.\0004\000\040\000m\000i\000s\000e\000\137\000a\000\137\000j\000o\000u\000r\000\137\000t\000o\000u\000c\000h\000e\000s\000\050\000\051}{subsection.5.21.2}% 131
\BOOKMARK [3][-]{subsubsection.5.21.2.5}{\376\377\0005\000.\0002\0001\000.\0002\000.\0005\000\040\000o\000p\000t\000i\000o\000n\000s\000\050\000\051}{subsection.5.21.2}% 132
\BOOKMARK [1][-]{section.5.22}{\376\377\0005\000.\0002\0002\000\040\000f\000o\000n\000c\000t\000i\000o\000n\000s\000\137\000o\000p\000t\000i\000o\000n\000s\000.\000c}{chapter.5}% 133
\BOOKMARK [1][-]{section.5.23}{\376\377\0005\000.\0002\0003\000\040\000R\000\351\000f\000\351\000r\000e\000n\000c\000e\000\040\000d\000u\000\040\000f\000i\000c\000h\000i\000e\000r\000\040\000f\000i\000c\000h\000i\000e\000r\000s\000\137\000c\000/\000m\000e\000t\000a\000t\000r\000a\000v\000e\000r\000s\000.\000c}{chapter.5}% 134
\BOOKMARK [2][-]{subsection.5.23.1}{\376\377\0005\000.\0002\0003\000.\0001\000\040\000D\000e\000s\000c\000r\000i\000p\000t\000i\000o\000n\000\040\000d\000\351\000t\000a\000i\000l\000l\000\351\000e}{section.5.23}% 135
\BOOKMARK [2][-]{subsection.5.23.2}{\376\377\0005\000.\0002\0003\000.\0002\000\040\000D\000o\000c\000u\000m\000e\000n\000t\000a\000t\000i\000o\000n\000\040\000d\000e\000s\000\040\000f\000o\000n\000c\000t\000i\000o\000n\000s}{section.5.23}% 136
\BOOKMARK [3][-]{subsubsection.5.23.2.1}{\376\377\0005\000.\0002\0003\000.\0002\000.\0001\000\040\000m\000a\000i\000n\000\050\000\051}{subsection.5.23.2}% 137
\BOOKMARK [1][-]{section.5.24}{\376\377\0005\000.\0002\0004\000\040\000m\000e\000t\000a\000t\000r\000a\000v\000e\000r\000s\000.\000c}{chapter.5}% 138
\BOOKMARK [1][-]{section.5.25}{\376\377\0005\000.\0002\0005\000\040\000R\000\351\000f\000\351\000r\000e\000n\000c\000e\000\040\000d\000u\000\040\000f\000i\000c\000h\000i\000e\000r\000\040\000f\000i\000c\000h\000i\000e\000r\000s\000\137\000h\000/\000f\000o\000n\000c\000t\000i\000o\000n\000s\000\137\000a\000r\000r\000i\000v\000e\000e\000\137\000n\000i\000v\000e\000a\000u\000x\000\137\0002\000\137\0003\000.\000h}{chapter.5}% 139
\BOOKMARK [2][-]{subsection.5.25.1}{\376\377\0005\000.\0002\0005\000.\0001\000\040\000D\000o\000c\000u\000m\000e\000n\000t\000a\000t\000i\000o\000n\000\040\000d\000e\000s\000\040\000f\000o\000n\000c\000t\000i\000o\000n\000s}{section.5.25}% 140
\BOOKMARK [3][-]{subsubsection.5.25.1.1}{\376\377\0005\000.\0002\0005\000.\0001\000.\0001\000\040\000a\000r\000r\000i\000v\000e\000e\000\137\000n\000i\000v\000e\000a\000u\000x\000\137\0002\000\137\0003\000\050\000\051}{subsection.5.25.1}% 141
\BOOKMARK [3][-]{subsubsection.5.25.1.2}{\376\377\0005\000.\0002\0005\000.\0001\000.\0002\000\040\000e\000x\000p\000l\000i\000c\000a\000t\000i\000o\000n\000s\000\050\000\051}{subsection.5.25.1}% 142
\BOOKMARK [3][-]{subsubsection.5.25.1.3}{\376\377\0005\000.\0002\0005\000.\0001\000.\0003\000\040\000m\000i\000s\000e\000\137\000a\000\137\000j\000o\000u\000r\000\137\000r\000e\000n\000d\000u\000\137\000a\000r\000r\000i\000v\000e\000e\000\137\000n\000i\000v\000e\000a\000u\000x\000\137\0002\000\137\0003\000\050\000\051}{subsection.5.25.1}% 143
\BOOKMARK [3][-]{subsubsection.5.25.1.4}{\376\377\0005\000.\0002\0005\000.\0001\000.\0004\000\040\000s\000a\000l\000o\000n\000\137\000a\000r\000r\000i\000v\000e\000e\000\137\000n\000i\000v\000e\000a\000u\000x\000\137\0002\000\137\0003\000\050\000\051}{subsection.5.25.1}% 144
\BOOKMARK [1][-]{section.5.26}{\376\377\0005\000.\0002\0006\000\040\000f\000o\000n\000c\000t\000i\000o\000n\000s\000\137\000a\000r\000r\000i\000v\000e\000e\000\137\000n\000i\000v\000e\000a\000u\000x\000\137\0002\000\137\0003\000.\000h}{chapter.5}% 145
\BOOKMARK [1][-]{section.5.27}{\376\377\0005\000.\0002\0007\000\040\000R\000\351\000f\000\351\000r\000e\000n\000c\000e\000\040\000d\000u\000\040\000f\000i\000c\000h\000i\000e\000r\000\040\000f\000i\000c\000h\000i\000e\000r\000s\000\137\000h\000/\000f\000o\000n\000c\000t\000i\000o\000n\000s\000\137\000c\000a\000r\000t\000e\000.\000h}{chapter.5}% 146
\BOOKMARK [2][-]{subsection.5.27.1}{\376\377\0005\000.\0002\0007\000.\0001\000\040\000D\000o\000c\000u\000m\000e\000n\000t\000a\000t\000i\000o\000n\000\040\000d\000e\000s\000\040\000f\000o\000n\000c\000t\000i\000o\000n\000s}{section.5.27}% 147
\BOOKMARK [3][-]{subsubsection.5.27.1.1}{\376\377\0005\000.\0002\0007\000.\0001\000.\0001\000\040\000c\000a\000r\000t\000e\000\050\000\051}{subsection.5.27.1}% 148
\BOOKMARK [3][-]{subsubsection.5.27.1.2}{\376\377\0005\000.\0002\0007\000.\0001\000.\0002\000\040\000d\000e\000p\000l\000a\000c\000e\000m\000e\000n\000t\000\137\000p\000e\000r\000s\000o\000n\000n\000a\000g\000e\000\137\000c\000a\000r\000t\000e\000\050\000\051}{subsection.5.27.1}% 149
\BOOKMARK [3][-]{subsubsection.5.27.1.3}{\376\377\0005\000.\0002\0007\000.\0001\000.\0003\000\040\000i\000n\000i\000t\000i\000a\000l\000i\000s\000a\000t\000i\000o\000n\000\137\000o\000b\000j\000e\000t\000s\000\137\000c\000a\000r\000t\000e\000\050\000\051}{subsection.5.27.1}% 150
\BOOKMARK [3][-]{subsubsection.5.27.1.4}{\376\377\0005\000.\0002\0007\000.\0001\000.\0004\000\040\000m\000i\000s\000e\000\137\000a\000\137\000j\000o\000u\000r\000\137\000r\000e\000n\000d\000u\000\137\000c\000a\000r\000t\000e\000\050\000\051}{subsection.5.27.1}% 151
\BOOKMARK [1][-]{section.5.28}{\376\377\0005\000.\0002\0008\000\040\000f\000o\000n\000c\000t\000i\000o\000n\000s\000\137\000c\000a\000r\000t\000e\000.\000h}{chapter.5}% 152
\BOOKMARK [1][-]{section.5.29}{\376\377\0005\000.\0002\0009\000\040\000R\000\351\000f\000\351\000r\000e\000n\000c\000e\000\040\000d\000u\000\040\000f\000i\000c\000h\000i\000e\000r\000\040\000f\000i\000c\000h\000i\000e\000r\000s\000\137\000h\000/\000f\000o\000n\000c\000t\000i\000o\000n\000s\000\137\000g\000e\000n\000e\000r\000a\000l\000e\000s\000.\000h}{chapter.5}% 153
\BOOKMARK [2][-]{subsection.5.29.1}{\376\377\0005\000.\0002\0009\000.\0001\000\040\000D\000o\000c\000u\000m\000e\000n\000t\000a\000t\000i\000o\000n\000\040\000d\000e\000s\000\040\000d\000\351\000f\000i\000n\000i\000t\000i\000o\000n\000s\000\040\000d\000e\000\040\000t\000y\000p\000e}{section.5.29}% 154
\BOOKMARK [3][-]{subsubsection.5.29.1.1}{\376\377\0005\000.\0002\0009\000.\0001\000.\0001\000\040\000d\000i\000r\000e\000c\000t\000i\000o\000n\000\137\000t}{subsection.5.29.1}% 155
\BOOKMARK [3][-]{subsubsection.5.29.1.2}{\376\377\0005\000.\0002\0009\000.\0001\000.\0002\000\040\000m\000o\000d\000e\000s\000\137\000t}{subsection.5.29.1}% 156
\BOOKMARK [3][-]{subsubsection.5.29.1.3}{\376\377\0005\000.\0002\0009\000.\0001\000.\0003\000\040\000o\000p\000t\000i\000o\000n\000\137\000t}{subsection.5.29.1}% 157
\BOOKMARK [3][-]{subsubsection.5.29.1.4}{\376\377\0005\000.\0002\0009\000.\0001\000.\0004\000\040\000p\000a\000g\000e\000\137\000t}{subsection.5.29.1}% 158
\BOOKMARK [3][-]{subsubsection.5.29.1.5}{\376\377\0005\000.\0002\0009\000.\0001\000.\0005\000\040\000p\000e\000r\000s\000o\000n\000n\000a\000g\000e\000\137\000t}{subsection.5.29.1}% 159
\BOOKMARK [3][-]{subsubsection.5.29.1.6}{\376\377\0005\000.\0002\0009\000.\0001\000.\0006\000\040\000p\000o\000s\000i\000t\000i\000o\000n\000\137\000t}{subsection.5.29.1}% 160
\BOOKMARK [2][-]{subsection.5.29.2}{\376\377\0005\000.\0002\0009\000.\0002\000\040\000D\000o\000c\000u\000m\000e\000n\000t\000a\000t\000i\000o\000n\000\040\000d\000u\000\040\000t\000y\000p\000e\000\040\000d\000e\000\040\000l\000\047\000\351\000n\000u\000m\000\351\000r\000a\000t\000i\000o\000n}{section.5.29}% 161
\BOOKMARK [3][-]{subsubsection.5.29.2.1}{\376\377\0005\000.\0002\0009\000.\0002\000.\0001\000\040\000d\000i\000r\000e\000c\000t\000i\000o\000n\000\137\000s}{subsection.5.29.2}% 162
\BOOKMARK [3][-]{subsubsection.5.29.2.2}{\376\377\0005\000.\0002\0009\000.\0002\000.\0002\000\040\000m\000o\000d\000e\000s\000\137\000s}{subsection.5.29.2}% 163
\BOOKMARK [3][-]{subsubsection.5.29.2.3}{\376\377\0005\000.\0002\0009\000.\0002\000.\0003\000\040\000o\000p\000t\000i\000o\000n\000\137\000s}{subsection.5.29.2}% 164
\BOOKMARK [3][-]{subsubsection.5.29.2.4}{\376\377\0005\000.\0002\0009\000.\0002\000.\0004\000\040\000p\000a\000g\000e\000\137\000s}{subsection.5.29.2}% 165
\BOOKMARK [3][-]{subsubsection.5.29.2.5}{\376\377\0005\000.\0002\0009\000.\0002\000.\0005\000\040\000p\000e\000r\000s\000o\000n\000n\000a\000g\000e\000\137\000s}{subsection.5.29.2}% 166
\BOOKMARK [3][-]{subsubsection.5.29.2.6}{\376\377\0005\000.\0002\0009\000.\0002\000.\0006\000\040\000p\000o\000s\000i\000t\000i\000o\000n\000\137\000s}{subsection.5.29.2}% 167
\BOOKMARK [2][-]{subsection.5.29.3}{\376\377\0005\000.\0002\0009\000.\0003\000\040\000D\000o\000c\000u\000m\000e\000n\000t\000a\000t\000i\000o\000n\000\040\000d\000e\000s\000\040\000f\000o\000n\000c\000t\000i\000o\000n\000s}{section.5.29}% 168
\BOOKMARK [3][-]{subsubsection.5.29.3.1}{\376\377\0005\000.\0002\0009\000.\0003\000.\0001\000\040\000a\000f\000f\000i\000c\000h\000a\000g\000e\000\137\000t\000e\000x\000t\000e\000\050\000\051}{subsection.5.29.3}% 169
\BOOKMARK [3][-]{subsubsection.5.29.3.2}{\376\377\0005\000.\0002\0009\000.\0003\000.\0002\000\040\000c\000h\000a\000r\000g\000e\000m\000e\000n\000t\000\137\000i\000m\000a\000g\000e\000\050\000\051}{subsection.5.29.3}% 170
\BOOKMARK [3][-]{subsubsection.5.29.3.3}{\376\377\0005\000.\0002\0009\000.\0003\000.\0003\000\040\000c\000l\000i\000c\000\137\000c\000a\000s\000e\000\050\000\051}{subsection.5.29.3}% 171
\BOOKMARK [3][-]{subsubsection.5.29.3.4}{\376\377\0005\000.\0002\0009\000.\0003\000.\0004\000\040\000c\000l\000i\000c\000\137\000p\000l\000e\000i\000n\000\137\000e\000c\000r\000a\000n\000\050\000\051}{subsection.5.29.3}% 172
\BOOKMARK [3][-]{subsubsection.5.29.3.5}{\376\377\0005\000.\0002\0009\000.\0003\000.\0005\000\040\000c\000r\000e\000e\000r\000\137\000f\000e\000n\000e\000t\000r\000e\000\137\000r\000e\000n\000d\000u\000\050\000\051}{subsection.5.29.3}% 173
\BOOKMARK [3][-]{subsubsection.5.29.3.6}{\376\377\0005\000.\0002\0009\000.\0003\000.\0006\000\040\000d\000e\000m\000a\000n\000d\000e\000\137\000q\000u\000i\000t\000t\000e\000r\000\137\000n\000i\000v\000e\000a\000u\000\050\000\051}{subsection.5.29.3}% 174
\BOOKMARK [3][-]{subsubsection.5.29.3.7}{\376\377\0005\000.\0002\0009\000.\0003\000.\0007\000\040\000d\000e\000m\000a\000n\000d\000e\000\137\000s\000a\000u\000v\000e\000g\000a\000r\000d\000e\000\050\000\051}{subsection.5.29.3}% 175
\BOOKMARK [3][-]{subsubsection.5.29.3.8}{\376\377\0005\000.\0002\0009\000.\0003\000.\0008\000\040\000d\000e\000p\000l\000a\000c\000e\000m\000e\000n\000t\000\137\000p\000e\000r\000s\000o\000n\000n\000a\000g\000e\000\050\000\051}{subsection.5.29.3}% 176
\BOOKMARK [3][-]{subsubsection.5.29.3.9}{\376\377\0005\000.\0002\0009\000.\0003\000.\0009\000\040\000d\000e\000t\000r\000u\000i\000r\000e\000\137\000f\000e\000n\000e\000t\000r\000e\000\137\000r\000e\000n\000d\000u\000\050\000\051}{subsection.5.29.3}% 177
\BOOKMARK [3][-]{subsubsection.5.29.3.10}{\376\377\0005\000.\0002\0009\000.\0003\000.\0001\0000\000\040\000d\000e\000t\000r\000u\000i\000r\000e\000\137\000o\000b\000j\000e\000t\000s\000\050\000\051}{subsection.5.29.3}% 178
\BOOKMARK [3][-]{subsubsection.5.29.3.11}{\376\377\0005\000.\0002\0009\000.\0003\000.\0001\0001\000\040\000e\000r\000r\000e\000u\000r\000\050\000\051}{subsection.5.29.3}% 179
\BOOKMARK [3][-]{subsubsection.5.29.3.12}{\376\377\0005\000.\0002\0009\000.\0003\000.\0001\0002\000\040\000i\000n\000i\000t\000i\000a\000l\000i\000s\000a\000t\000i\000o\000n\000\137\000o\000b\000j\000e\000t\000s\000\050\000\051}{subsection.5.29.3}% 180
\BOOKMARK [3][-]{subsubsection.5.29.3.13}{\376\377\0005\000.\0002\0009\000.\0003\000.\0001\0003\000\040\000r\000e\000d\000i\000m\000e\000n\000s\000i\000o\000n\000n\000e\000m\000e\000n\000t\000\137\000f\000e\000n\000e\000t\000r\000e\000\050\000\051}{subsection.5.29.3}% 181
\BOOKMARK [3][-]{subsubsection.5.29.3.14}{\376\377\0005\000.\0002\0009\000.\0003\000.\0001\0004\000\040\000s\000a\000u\000v\000e\000g\000a\000r\000d\000e\000r\000\137\000p\000a\000r\000t\000i\000e\000\050\000\051}{subsection.5.29.3}% 182
\BOOKMARK [3][-]{subsubsection.5.29.3.15}{\376\377\0005\000.\0002\0009\000.\0003\000.\0001\0005\000\040\000v\000e\000r\000i\000f\000i\000c\000a\000t\000i\000o\000n\000\137\000s\000a\000u\000v\000e\000g\000a\000r\000d\000e\000\050\000\051}{subsection.5.29.3}% 183
\BOOKMARK [1][-]{section.5.30}{\376\377\0005\000.\0003\0000\000\040\000f\000o\000n\000c\000t\000i\000o\000n\000s\000\137\000g\000e\000n\000e\000r\000a\000l\000e\000s\000.\000h}{chapter.5}% 184
\BOOKMARK [1][-]{section.5.31}{\376\377\0005\000.\0003\0001\000\040\000R\000\351\000f\000\351\000r\000e\000n\000c\000e\000\040\000d\000u\000\040\000f\000i\000c\000h\000i\000e\000r\000\040\000f\000i\000c\000h\000i\000e\000r\000s\000\137\000h\000/\000f\000o\000n\000c\000t\000i\000o\000n\000s\000\137\000i\000n\000t\000r\000o\000d\000u\000c\000t\000i\000o\000n\000.\000h}{chapter.5}% 185
\BOOKMARK [2][-]{subsection.5.31.1}{\376\377\0005\000.\0003\0001\000.\0001\000\040\000D\000o\000c\000u\000m\000e\000n\000t\000a\000t\000i\000o\000n\000\040\000d\000e\000s\000\040\000f\000o\000n\000c\000t\000i\000o\000n\000s}{section.5.31}% 186
\BOOKMARK [3][-]{subsubsection.5.31.1.1}{\376\377\0005\000.\0003\0001\000.\0001\000.\0001\000\040\000i\000n\000t\000r\000o\000d\000u\000c\000t\000i\000o\000n\000\050\000\051}{subsection.5.31.1}% 187
\BOOKMARK [3][-]{subsubsection.5.31.1.2}{\376\377\0005\000.\0003\0001\000.\0001\000.\0002\000\040\000m\000i\000s\000e\000\137\000a\000\137\000j\000o\000u\000r\000\137\000r\000e\000n\000d\000u\000\137\000i\000n\000t\000r\000o\000d\000u\000c\000t\000i\000o\000n\000\050\000\051}{subsection.5.31.1}% 188
\BOOKMARK [1][-]{section.5.32}{\376\377\0005\000.\0003\0002\000\040\000f\000o\000n\000c\000t\000i\000o\000n\000s\000\137\000i\000n\000t\000r\000o\000d\000u\000c\000t\000i\000o\000n\000.\000h}{chapter.5}% 189
\BOOKMARK [1][-]{section.5.33}{\376\377\0005\000.\0003\0003\000\040\000R\000\351\000f\000\351\000r\000e\000n\000c\000e\000\040\000d\000u\000\040\000f\000i\000c\000h\000i\000e\000r\000\040\000f\000i\000c\000h\000i\000e\000r\000s\000\137\000h\000/\000f\000o\000n\000c\000t\000i\000o\000n\000s\000\137\000m\000e\000n\000u\000\137\000p\000r\000i\000n\000c\000i\000p\000a\000l\000.\000h}{chapter.5}% 190
\BOOKMARK [2][-]{subsection.5.33.1}{\376\377\0005\000.\0003\0003\000.\0001\000\040\000D\000o\000c\000u\000m\000e\000n\000t\000a\000t\000i\000o\000n\000\040\000d\000e\000s\000\040\000f\000o\000n\000c\000t\000i\000o\000n\000s}{section.5.33}% 191
\BOOKMARK [3][-]{subsubsection.5.33.1.1}{\376\377\0005\000.\0003\0003\000.\0001\000.\0001\000\040\000i\000n\000i\000t\000i\000a\000l\000i\000s\000a\000t\000i\000o\000n\000\137\000o\000b\000j\000e\000t\000s\000\137\000m\000e\000n\000u\000\137\000p\000r\000i\000n\000c\000i\000p\000a\000l\000\050\000\051}{subsection.5.33.1}% 192
\BOOKMARK [3][-]{subsubsection.5.33.1.2}{\376\377\0005\000.\0003\0003\000.\0001\000.\0002\000\040\000m\000e\000n\000u\000\137\000p\000r\000i\000n\000c\000i\000p\000a\000l\000\050\000\051}{subsection.5.33.1}% 193
\BOOKMARK [3][-]{subsubsection.5.33.1.3}{\376\377\0005\000.\0003\0003\000.\0001\000.\0003\000\040\000m\000i\000s\000e\000\137\000a\000\137\000j\000o\000u\000r\000\137\000r\000e\000n\000d\000u\000\137\000m\000e\000n\000u\000\137\000p\000r\000i\000n\000c\000i\000p\000a\000l\000\050\000\051}{subsection.5.33.1}% 194
\BOOKMARK [1][-]{section.5.34}{\376\377\0005\000.\0003\0004\000\040\000f\000o\000n\000c\000t\000i\000o\000n\000s\000\137\000m\000e\000n\000u\000\137\000p\000r\000i\000n\000c\000i\000p\000a\000l\000.\000h}{chapter.5}% 195
\BOOKMARK [1][-]{section.5.35}{\376\377\0005\000.\0003\0005\000\040\000R\000\351\000f\000\351\000r\000e\000n\000c\000e\000\040\000d\000u\000\040\000f\000i\000c\000h\000i\000e\000r\000\040\000f\000i\000c\000h\000i\000e\000r\000s\000\137\000h\000/\000f\000o\000n\000c\000t\000i\000o\000n\000s\000\137\000n\000i\000v\000e\000a\000u\000\137\0001\000.\000h}{chapter.5}% 196
\BOOKMARK [2][-]{subsection.5.35.1}{\376\377\0005\000.\0003\0005\000.\0001\000\040\000D\000o\000c\000u\000m\000e\000n\000t\000a\000t\000i\000o\000n\000\040\000d\000e\000s\000\040\000f\000o\000n\000c\000t\000i\000o\000n\000s}{section.5.35}% 197
\BOOKMARK [3][-]{subsubsection.5.35.1.1}{\376\377\0005\000.\0003\0005\000.\0001\000.\0001\000\040\000c\000h\000a\000r\000g\000e\000m\000e\000n\000t\000\137\000n\000i\000v\000e\000a\000u\000\137\0001\000\050\000\051}{subsection.5.35.1}% 198
\BOOKMARK [3][-]{subsubsection.5.35.1.2}{\376\377\0005\000.\0003\0005\000.\0001\000.\0002\000\040\000i\000n\000i\000t\000i\000a\000l\000i\000s\000a\000t\000i\000o\000n\000\137\000o\000b\000j\000e\000t\000s\000\137\000n\000i\000v\000e\000a\000u\000\137\0001\000\050\000\051}{subsection.5.35.1}% 199
\BOOKMARK [3][-]{subsubsection.5.35.1.3}{\376\377\0005\000.\0003\0005\000.\0001\000.\0003\000\040\000m\000i\000s\000e\000\137\000a\000\137\000j\000o\000u\000r\000\137\000r\000e\000n\000d\000u\000\137\000n\000i\000v\000e\000a\000u\000\137\0001\000\050\000\051}{subsection.5.35.1}% 200
\BOOKMARK [3][-]{subsubsection.5.35.1.4}{\376\377\0005\000.\0003\0005\000.\0001\000.\0004\000\040\000n\000i\000v\000e\000a\000u\000\137\0001\000\050\000\051}{subsection.5.35.1}% 201
\BOOKMARK [1][-]{section.5.36}{\376\377\0005\000.\0003\0006\000\040\000f\000o\000n\000c\000t\000i\000o\000n\000s\000\137\000n\000i\000v\000e\000a\000u\000\137\0001\000.\000h}{chapter.5}% 202
\BOOKMARK [1][-]{section.5.37}{\376\377\0005\000.\0003\0007\000\040\000R\000\351\000f\000\351\000r\000e\000n\000c\000e\000\040\000d\000u\000\040\000f\000i\000c\000h\000i\000e\000r\000\040\000f\000i\000c\000h\000i\000e\000r\000s\000\137\000h\000/\000f\000o\000n\000c\000t\000i\000o\000n\000s\000\137\000n\000i\000v\000e\000a\000u\000\137\0002\000.\000h}{chapter.5}% 203
\BOOKMARK [2][-]{subsection.5.37.1}{\376\377\0005\000.\0003\0007\000.\0001\000\040\000D\000o\000c\000u\000m\000e\000n\000t\000a\000t\000i\000o\000n\000\040\000d\000e\000s\000\040\000f\000o\000n\000c\000t\000i\000o\000n\000s}{section.5.37}% 204
\BOOKMARK [3][-]{subsubsection.5.37.1.1}{\376\377\0005\000.\0003\0007\000.\0001\000.\0001\000\040\000i\000n\000i\000t\000i\000a\000l\000i\000s\000a\000t\000i\000o\000n\000\137\000o\000b\000j\000e\000t\000s\000\137\000n\000i\000v\000e\000a\000u\000\137\0002\000\050\000\051}{subsection.5.37.1}% 205
\BOOKMARK [3][-]{subsubsection.5.37.1.2}{\376\377\0005\000.\0003\0007\000.\0001\000.\0002\000\040\000m\000i\000n\000i\000\137\000j\000e\000u\000\137\0001\000\137\000n\000i\000v\000e\000a\000u\000\137\0002\000\050\000\051}{subsection.5.37.1}% 206
\BOOKMARK [3][-]{subsubsection.5.37.1.3}{\376\377\0005\000.\0003\0007\000.\0001\000.\0003\000\040\000m\000i\000n\000i\000\137\000j\000e\000u\000\137\0002\000\137\000n\000i\000v\000e\000a\000u\000\137\0002\000\050\000\051}{subsection.5.37.1}% 207
\BOOKMARK [3][-]{subsubsection.5.37.1.4}{\376\377\0005\000.\0003\0007\000.\0001\000.\0004\000\040\000m\000i\000n\000i\000\137\000j\000e\000u\000x\000\137\000n\000i\000v\000e\000a\000u\000\137\0002\000\050\000\051}{subsection.5.37.1}% 208
\BOOKMARK [3][-]{subsubsection.5.37.1.5}{\376\377\0005\000.\0003\0007\000.\0001\000.\0005\000\040\000m\000i\000s\000e\000\137\000a\000\137\000j\000o\000u\000r\000\137\000b\000o\000r\000d\000u\000r\000e\000s\000\137\000n\000i\000v\000e\000a\000u\000\137\0002\000\050\000\051}{subsection.5.37.1}% 209
\BOOKMARK [3][-]{subsubsection.5.37.1.6}{\376\377\0005\000.\0003\0007\000.\0001\000.\0006\000\040\000m\000i\000s\000e\000\137\000a\000\137\000j\000o\000u\000r\000\137\000m\000i\000n\000i\000\137\000j\000e\000u\000\137\0001\000\137\000n\000i\000v\000e\000a\000u\000\137\0002\000\050\000\051}{subsection.5.37.1}% 210
\BOOKMARK [3][-]{subsubsection.5.37.1.7}{\376\377\0005\000.\0003\0007\000.\0001\000.\0007\000\040\000m\000i\000s\000e\000\137\000a\000\137\000j\000o\000u\000r\000\137\000m\000i\000n\000i\000\137\000j\000e\000u\000\137\0002\000\137\000n\000i\000v\000e\000a\000u\000\137\0002\000\050\000\051}{subsection.5.37.1}% 211
\BOOKMARK [3][-]{subsubsection.5.37.1.8}{\376\377\0005\000.\0003\0007\000.\0001\000.\0008\000\040\000s\000a\000l\000o\000n\000\137\000a\000r\000r\000i\000v\000e\000e\000\137\000n\000i\000v\000e\000a\000u\000x\000\137\0002\000\137\0003\000\050\000\051}{subsection.5.37.1}% 212
\BOOKMARK [3][-]{subsubsection.5.37.1.9}{\376\377\0005\000.\0003\0007\000.\0001\000.\0009\000\040\000v\000e\000r\000i\000f\000i\000c\000a\000t\000i\000o\000n\000\137\000c\000h\000e\000m\000i\000n\000\050\000\051}{subsection.5.37.1}% 213
\BOOKMARK [1][-]{section.5.38}{\376\377\0005\000.\0003\0008\000\040\000f\000o\000n\000c\000t\000i\000o\000n\000s\000\137\000n\000i\000v\000e\000a\000u\000\137\0002\000.\000h}{chapter.5}% 214
\BOOKMARK [1][-]{section.5.39}{\376\377\0005\000.\0003\0009\000\040\000R\000\351\000f\000\351\000r\000e\000n\000c\000e\000\040\000d\000u\000\040\000f\000i\000c\000h\000i\000e\000r\000\040\000f\000i\000c\000h\000i\000e\000r\000s\000\137\000h\000/\000f\000o\000n\000c\000t\000i\000o\000n\000s\000\137\000n\000i\000v\000e\000a\000u\000\137\0003\000.\000h}{chapter.5}% 215
\BOOKMARK [2][-]{subsection.5.39.1}{\376\377\0005\000.\0003\0009\000.\0001\000\040\000D\000o\000c\000u\000m\000e\000n\000t\000a\000t\000i\000o\000n\000\040\000d\000e\000s\000\040\000f\000o\000n\000c\000t\000i\000o\000n\000s}{section.5.39}% 216
\BOOKMARK [3][-]{subsubsection.5.39.1.1}{\376\377\0005\000.\0003\0009\000.\0001\000.\0001\000\040\000i\000n\000i\000t\000i\000a\000l\000i\000s\000a\000t\000i\000o\000n\000\137\000o\000b\000j\000e\000t\000s\000\137\000n\000i\000v\000e\000a\000u\000\137\0003\000\050\000\051}{subsection.5.39.1}% 217
\BOOKMARK [3][-]{subsubsection.5.39.1.2}{\376\377\0005\000.\0003\0009\000.\0001\000.\0002\000\040\000m\000i\000n\000i\000\137\000j\000e\000u\000\137\0002\000\137\000n\000i\000v\000e\000a\000u\000\137\0003\000\050\000\051}{subsection.5.39.1}% 218
\BOOKMARK [3][-]{subsubsection.5.39.1.3}{\376\377\0005\000.\0003\0009\000.\0001\000.\0003\000\040\000m\000i\000n\000i\000\137\000j\000e\000u\000x\000\137\000n\000i\000v\000e\000a\000u\000\137\0003\000\050\000\051}{subsection.5.39.1}% 219
\BOOKMARK [3][-]{subsubsection.5.39.1.4}{\376\377\0005\000.\0003\0009\000.\0001\000.\0004\000\040\000m\000i\000s\000e\000\137\000a\000\137\000j\000o\000u\000r\000\137\000b\000o\000r\000d\000u\000r\000e\000s\000\137\000n\000i\000v\000e\000a\000u\000\137\0003\000\050\000\051}{subsection.5.39.1}% 220
\BOOKMARK [3][-]{subsubsection.5.39.1.5}{\376\377\0005\000.\0003\0009\000.\0001\000.\0005\000\040\000m\000i\000s\000e\000\137\000a\000\137\000j\000o\000u\000r\000\137\000m\000i\000n\000i\000\137\000j\000e\000u\000\137\0001\000\137\000n\000i\000v\000e\000a\000u\000\137\0003\000\050\000\051}{subsection.5.39.1}% 221
\BOOKMARK [3][-]{subsubsection.5.39.1.6}{\376\377\0005\000.\0003\0009\000.\0001\000.\0006\000\040\000m\000i\000s\000e\000\137\000a\000\137\000j\000o\000u\000r\000\137\000m\000i\000n\000i\000\137\000j\000e\000u\000\137\0002\000\137\000n\000i\000v\000e\000a\000u\000\137\0003\000\050\000\051}{subsection.5.39.1}% 222
\BOOKMARK [3][-]{subsubsection.5.39.1.7}{\376\377\0005\000.\0003\0009\000.\0001\000.\0007\000\040\000p\000i\000e\000c\000e\000\137\000p\000r\000o\000c\000h\000e\000\137\000p\000o\000s\000i\000t\000i\000o\000n\000\137\000c\000o\000r\000r\000e\000c\000t\000e\000\050\000\051}{subsection.5.39.1}% 223
\BOOKMARK [3][-]{subsubsection.5.39.1.8}{\376\377\0005\000.\0003\0009\000.\0001\000.\0008\000\040\000r\000e\000c\000t\000a\000n\000g\000l\000e\000\137\000p\000i\000e\000c\000e\000\137\000a\000l\000e\000a\000t\000o\000i\000r\000e\000\050\000\051}{subsection.5.39.1}% 224
\BOOKMARK [3][-]{subsubsection.5.39.1.9}{\376\377\0005\000.\0003\0009\000.\0001\000.\0009\000\040\000s\000a\000l\000o\000n\000\137\000a\000r\000r\000i\000v\000e\000e\000\137\000n\000i\000v\000e\000a\000u\000x\000\137\0002\000\137\0003\000\050\000\051}{subsection.5.39.1}% 225
\BOOKMARK [3][-]{subsubsection.5.39.1.10}{\376\377\0005\000.\0003\0009\000.\0001\000.\0001\0000\000\040\000t\000r\000a\000i\000t\000e\000m\000e\000n\000t\000\137\000t\000o\000u\000c\000h\000e\000s\000\050\000\051}{subsection.5.39.1}% 226
\BOOKMARK [3][-]{subsubsection.5.39.1.11}{\376\377\0005\000.\0003\0009\000.\0001\000.\0001\0001\000\040\000v\000e\000r\000i\000f\000i\000c\000a\000t\000i\000o\000n\000\137\000p\000u\000z\000z\000l\000e\000\137\000f\000i\000n\000i\000\050\000\051}{subsection.5.39.1}% 227
\BOOKMARK [1][-]{section.5.40}{\376\377\0005\000.\0004\0000\000\040\000f\000o\000n\000c\000t\000i\000o\000n\000s\000\137\000n\000i\000v\000e\000a\000u\000\137\0003\000.\000h}{chapter.5}% 228
\BOOKMARK [1][-]{section.5.41}{\376\377\0005\000.\0004\0001\000\040\000R\000\351\000f\000\351\000r\000e\000n\000c\000e\000\040\000d\000u\000\040\000f\000i\000c\000h\000i\000e\000r\000\040\000f\000i\000c\000h\000i\000e\000r\000s\000\137\000h\000/\000f\000o\000n\000c\000t\000i\000o\000n\000s\000\137\000n\000i\000v\000e\000a\000u\000\137\0004\000.\000h}{chapter.5}% 229
\BOOKMARK [2][-]{subsection.5.41.1}{\376\377\0005\000.\0004\0001\000.\0001\000\040\000D\000o\000c\000u\000m\000e\000n\000t\000a\000t\000i\000o\000n\000\040\000d\000e\000s\000\040\000f\000o\000n\000c\000t\000i\000o\000n\000s}{section.5.41}% 230
\BOOKMARK [3][-]{subsubsection.5.41.1.1}{\376\377\0005\000.\0004\0001\000.\0001\000.\0001\000\040\000e\000t\000a\000g\000e\000\137\0001\000\050\000\051}{subsection.5.41.1}% 231
\BOOKMARK [3][-]{subsubsection.5.41.1.2}{\376\377\0005\000.\0004\0001\000.\0001\000.\0002\000\040\000e\000t\000a\000g\000e\000\137\0002\000\050\000\051}{subsection.5.41.1}% 232
\BOOKMARK [3][-]{subsubsection.5.41.1.3}{\376\377\0005\000.\0004\0001\000.\0001\000.\0003\000\040\000e\000t\000a\000g\000e\000\137\0003\000\050\000\051}{subsection.5.41.1}% 233
\BOOKMARK [3][-]{subsubsection.5.41.1.4}{\376\377\0005\000.\0004\0001\000.\0001\000.\0004\000\040\000e\000t\000a\000g\000e\000\137\0004\000\050\000\051}{subsection.5.41.1}% 234
\BOOKMARK [3][-]{subsubsection.5.41.1.5}{\376\377\0005\000.\0004\0001\000.\0001\000.\0005\000\040\000e\000t\000a\000g\000e\000\137\0005\000\050\000\051}{subsection.5.41.1}% 235
\BOOKMARK [3][-]{subsubsection.5.41.1.6}{\376\377\0005\000.\0004\0001\000.\0001\000.\0006\000\040\000i\000n\000i\000t\000i\000a\000l\000i\000s\000a\000t\000i\000o\000n\000\137\000o\000b\000j\000e\000t\000s\000\137\000n\000i\000v\000e\000a\000u\000\137\0004\000\050\000\051}{subsection.5.41.1}% 236
\BOOKMARK [3][-]{subsubsection.5.41.1.7}{\376\377\0005\000.\0004\0001\000.\0001\000.\0007\000\040\000m\000i\000s\000e\000\137\000a\000\137\000j\000o\000u\000r\000\137\000r\000e\000n\000d\000u\000\137\000n\000i\000v\000e\000a\000u\000\137\0004\000\050\000\051}{subsection.5.41.1}% 237
\BOOKMARK [3][-]{subsubsection.5.41.1.8}{\376\377\0005\000.\0004\0001\000.\0001\000.\0008\000\040\000n\000i\000v\000e\000a\000u\000\137\0004\000\050\000\051}{subsection.5.41.1}% 238
\BOOKMARK [1][-]{section.5.42}{\376\377\0005\000.\0004\0002\000\040\000f\000o\000n\000c\000t\000i\000o\000n\000s\000\137\000n\000i\000v\000e\000a\000u\000\137\0004\000.\000h}{chapter.5}% 239
\BOOKMARK [1][-]{section.5.43}{\376\377\0005\000.\0004\0003\000\040\000R\000\351\000f\000\351\000r\000e\000n\000c\000e\000\040\000d\000u\000\040\000f\000i\000c\000h\000i\000e\000r\000\040\000f\000i\000c\000h\000i\000e\000r\000s\000\137\000h\000/\000f\000o\000n\000c\000t\000i\000o\000n\000s\000\137\000n\000o\000u\000v\000e\000l\000l\000e\000\137\000p\000a\000r\000t\000i\000e\000.\000h}{chapter.5}% 240
\BOOKMARK [2][-]{subsection.5.43.1}{\376\377\0005\000.\0004\0003\000.\0001\000\040\000D\000o\000c\000u\000m\000e\000n\000t\000a\000t\000i\000o\000n\000\040\000d\000e\000s\000\040\000f\000o\000n\000c\000t\000i\000o\000n\000s}{section.5.43}% 241
\BOOKMARK [3][-]{subsubsection.5.43.1.1}{\376\377\0005\000.\0004\0003\000.\0001\000.\0001\000\040\000i\000n\000i\000t\000i\000a\000l\000i\000s\000a\000t\000i\000o\000n\000\137\000o\000b\000j\000e\000t\000s\000\137\000n\000o\000u\000v\000e\000l\000l\000e\000\137\000p\000a\000r\000t\000i\000e\000\050\000\051}{subsection.5.43.1}% 242
\BOOKMARK [3][-]{subsubsection.5.43.1.2}{\376\377\0005\000.\0004\0003\000.\0001\000.\0002\000\040\000m\000i\000s\000e\000\137\000a\000\137\000j\000o\000u\000r\000\137\000r\000e\000n\000d\000u\000\137\000n\000o\000u\000v\000e\000l\000l\000e\000\137\000p\000a\000r\000t\000i\000e\000\050\000\051}{subsection.5.43.1}% 243
\BOOKMARK [3][-]{subsubsection.5.43.1.3}{\376\377\0005\000.\0004\0003\000.\0001\000.\0003\000\040\000n\000o\000u\000v\000e\000l\000l\000e\000\137\000p\000a\000r\000t\000i\000e\000\050\000\051}{subsection.5.43.1}% 244
\BOOKMARK [1][-]{section.5.44}{\376\377\0005\000.\0004\0004\000\040\000f\000o\000n\000c\000t\000i\000o\000n\000s\000\137\000n\000o\000u\000v\000e\000l\000l\000e\000\137\000p\000a\000r\000t\000i\000e\000.\000h}{chapter.5}% 245
\BOOKMARK [1][-]{section.5.45}{\376\377\0005\000.\0004\0005\000\040\000R\000\351\000f\000\351\000r\000e\000n\000c\000e\000\040\000d\000u\000\040\000f\000i\000c\000h\000i\000e\000r\000\040\000f\000i\000c\000h\000i\000e\000r\000s\000\137\000h\000/\000f\000o\000n\000c\000t\000i\000o\000n\000s\000\137\000o\000p\000t\000i\000o\000n\000s\000.\000h}{chapter.5}% 246
\BOOKMARK [2][-]{subsection.5.45.1}{\376\377\0005\000.\0004\0005\000.\0001\000\040\000D\000o\000c\000u\000m\000e\000n\000t\000a\000t\000i\000o\000n\000\040\000d\000e\000s\000\040\000f\000o\000n\000c\000t\000i\000o\000n\000s}{section.5.45}% 247
\BOOKMARK [3][-]{subsubsection.5.45.1.1}{\376\377\0005\000.\0004\0005\000.\0001\000.\0001\000\040\000i\000n\000i\000t\000i\000a\000l\000i\000s\000a\000t\000i\000o\000n\000\137\000o\000b\000j\000e\000t\000s\000\137\000o\000p\000t\000i\000o\000n\000s\000\050\000\051}{subsection.5.45.1}% 248
\BOOKMARK [3][-]{subsubsection.5.45.1.2}{\376\377\0005\000.\0004\0005\000.\0001\000.\0002\000\040\000m\000i\000s\000e\000\137\000a\000\137\000j\000o\000u\000r\000\137\000b\000a\000r\000r\000e\000\137\000d\000e\000\137\000s\000o\000n\000\050\000\051}{subsection.5.45.1}% 249
\BOOKMARK [3][-]{subsubsection.5.45.1.3}{\376\377\0005\000.\0004\0005\000.\0001\000.\0003\000\040\000m\000i\000s\000e\000\137\000a\000\137\000j\000o\000u\000r\000\137\000r\000e\000n\000d\000u\000\137\000o\000p\000t\000i\000o\000n\000s\000\050\000\051}{subsection.5.45.1}% 250
\BOOKMARK [3][-]{subsubsection.5.45.1.4}{\376\377\0005\000.\0004\0005\000.\0001\000.\0004\000\040\000m\000i\000s\000e\000\137\000a\000\137\000j\000o\000u\000r\000\137\000t\000o\000u\000c\000h\000e\000s\000\050\000\051}{subsection.5.45.1}% 251
\BOOKMARK [3][-]{subsubsection.5.45.1.5}{\376\377\0005\000.\0004\0005\000.\0001\000.\0005\000\040\000o\000p\000t\000i\000o\000n\000s\000\050\000\051}{subsection.5.45.1}% 252
\BOOKMARK [1][-]{section.5.46}{\376\377\0005\000.\0004\0006\000\040\000f\000o\000n\000c\000t\000i\000o\000n\000s\000\137\000o\000p\000t\000i\000o\000n\000s\000.\000h}{chapter.5}% 253
\BOOKMARK [1][-]{section.5.47}{\376\377\0005\000.\0004\0007\000\040\000R\000\351\000f\000\351\000r\000e\000n\000c\000e\000\040\000d\000u\000\040\000f\000i\000c\000h\000i\000e\000r\000\040\000/\000i\000n\000f\000o\000/\000e\000t\000u\000/\000l\0002\000i\000n\000f\000o\000/\000s\0002\0002\0000\0001\0006\0006\0008\000/\000P\000r\000o\000j\000e\000t\000\137\000J\000e\000u\000\137\000L\0002\000/\000p\000r\000o\000j\000e\000t\000L\0002\000/\000R\000E\000A\000D\000M\000E\000.\000m\000d}{chapter.5}% 254
\BOOKMARK [0][-]{section*.67}{\376\377\000I\000n\000d\000e\000x}{}% 255
